# JRE version: OpenJDK Runtime Environment (8.0_112-b06) (build 1.8.0_112-release-b06)
# Java VM: OpenJDK 64-Bit Server VM (25.112-b06 mixed mode windows-amd64 compressed oops)
Heap:
 PSYoungGen      total 401408K, used 231682K [0x00000000e0000000, 0x00000000ff600000, 0x0000000100000000)
  eden space 293888K, 75% used [0x00000000e0000000,0x00000000ed83b1d8,0x00000000f1f00000)
  from space 107520K, 9% used [0x00000000f1f00000,0x00000000f2905890,0x00000000f8800000)
  to   space 105472K, 0% used [0x00000000f8f00000,0x00000000f8f00000,0x00000000ff600000)
 ParOldGen       total 389120K, used 117585K [0x00000000a0000000, 0x00000000b7c00000, 0x00000000e0000000)
  object space 389120K, 30% used [0x00000000a0000000,0x00000000a72d47d8,0x00000000b7c00000)
 Metaspace       used 104706K, capacity 117146K, committed 119808K, reserved 1155072K
  class space    used 12893K, capacity 14097K, committed 14848K, reserved 1048576K
GC Heap History (10 events):
Event: 31191.934 GC heap before
{Heap before GC invocations=294 (full 23):
 PSYoungGen      total 407552K, used 324027K [0x00000000e0000000, 0x00000000ff800000, 0x0000000100000000)
  eden space 309248K, 100% used [0x00000000e0000000,0x00000000f2e00000,0x00000000f2e00000)
  from space 98304K, 15% used [0x00000000f9800000,0x00000000fa66ece0,0x00000000ff800000)
  to   space 103424K, 0% used [0x00000000f2e00000,0x00000000f2e00000,0x00000000f9300000)
 ParOldGen       total 389120K, used 101294K [0x00000000a0000000, 0x00000000b7c00000, 0x00000000e0000000)
  object space 389120K, 26% used [0x00000000a0000000,0x00000000a62ebbc0,0x00000000b7c00000)
 Metaspace       used 101947K, capacity 114040K, committed 117504K, reserved 1153024K
  class space    used 12576K, capacity 13755K, committed 14848K, reserved 1048576K
Event: 31192.085 GC heap after
Heap after GC invocations=294 (full 23):
 PSYoungGen      total 405504K, used 96069K [0x00000000e0000000, 0x0000000100000000, 0x0000000100000000)
  eden space 309248K, 0% used [0x00000000e0000000,0x00000000e0000000,0x00000000f2e00000)
  from space 96256K, 99% used [0x00000000f2e00000,0x00000000f8bd1798,0x00000000f8c00000)
  to   space 118784K, 0% used [0x00000000f8c00000,0x00000000f8c00000,0x0000000100000000)
 ParOldGen       total 389120K, used 107022K [0x00000000a0000000, 0x00000000b7c00000, 0x00000000e0000000)
  object space 389120K, 27% used [0x00000000a0000000,0x00000000a6883ba8,0x00000000b7c00000)
 Metaspace       used 101947K, capacity 114040K, committed 117504K, reserved 1153024K
  class space    used 12576K, capacity 13755K, committed 14848K, reserved 1048576K
}
Event: 31195.901 GC heap before
{Heap before GC invocations=295 (full 23):
 PSYoungGen      total 405504K, used 405317K [0x00000000e0000000, 0x0000000100000000, 0x0000000100000000)
  eden space 309248K, 100% used [0x00000000e0000000,0x00000000f2e00000,0x00000000f2e00000)
  from space 96256K, 99% used [0x00000000f2e00000,0x00000000f8bd1798,0x00000000f8c00000)
  to   space 118784K, 0% used [0x00000000f8c00000,0x00000000f8c00000,0x0000000100000000)
 ParOldGen       total 389120K, used 107022K [0x00000000a0000000, 0x00000000b7c00000, 0x00000000e0000000)
  object space 389120K, 27% used [0x00000000a0000000,0x00000000a6883ba8,0x00000000b7c00000)
 Metaspace       used 101954K, capacity 114048K, committed 117504K, reserved 1153024K
  class space    used 12580K, capacity 13759K, committed 14848K, reserved 1048576K
Event: 31195.934 GC heap after
Heap after GC invocations=295 (full 23):
 PSYoungGen      total 406528K, used 3152K [0x00000000e0000000, 0x0000000100000000, 0x0000000100000000)
  eden space 287744K, 0% used [0x00000000e0000000,0x00000000e0000000,0x00000000f1900000)
  from space 118784K, 2% used [0x00000000f8c00000,0x00000000f8f14010,0x0000000100000000)
  to   space 117760K, 0% used [0x00000000f1900000,0x00000000f1900000,0x00000000f8c00000)
 ParOldGen       total 389120K, used 107395K [0x00000000a0000000, 0x00000000b7c00000, 0x00000000e0000000)
  object space 389120K, 27% used [0x00000000a0000000,0x00000000a68e0f40,0x00000000b7c00000)
 Metaspace       used 101954K, capacity 114048K, committed 117504K, reserved 1153024K
  class space    used 12580K, capacity 13759K, committed 14848K, reserved 1048576K
}
Event: 31197.165 GC heap before
{Heap before GC invocations=296 (full 23):
 PSYoungGen      total 406528K, used 290896K [0x00000000e0000000, 0x0000000100000000, 0x0000000100000000)
  eden space 287744K, 100% used [0x00000000e0000000,0x00000000f1900000,0x00000000f1900000)
  from space 118784K, 2% used [0x00000000f8c00000,0x00000000f8f14010,0x0000000100000000)
  to   space 117760K, 0% used [0x00000000f1900000,0x00000000f1900000,0x00000000f8c00000)
 ParOldGen       total 389120K, used 107395K [0x00000000a0000000, 0x00000000b7c00000, 0x00000000e0000000)
  object space 389120K, 27% used [0x00000000a0000000,0x00000000a68e0f40,0x00000000b7c00000)
 Metaspace       used 101961K, capacity 114048K, committed 117504K, reserved 1153024K
  class space    used 12580K, capacity 13759K, committed 14848K, reserved 1048576K
Event: 31197.258 GC heap after
Heap after GC invocations=296 (full 23):
 PSYoungGen      total 335872K, used 47618K [0x00000000e0000000, 0x00000000ff700000, 0x0000000100000000)
  eden space 287744K, 0% used [0x00000000e0000000,0x00000000e0000000,0x00000000f1900000)
  from space 48128K, 98% used [0x00000000f1900000,0x00000000f4780b30,0x00000000f4800000)
  to   space 113664K, 0% used [0x00000000f8800000,0x00000000f8800000,0x00000000ff700000)
 ParOldGen       total 389120K, used 109664K [0x00000000a0000000, 0x00000000b7c00000, 0x00000000e0000000)
  object space 389120K, 28% used [0x00000000a0000000,0x00000000a6b18258,0x00000000b7c00000)
 Metaspace       used 101961K, capacity 114048K, committed 117504K, reserved 1153024K
  class space    used 12580K, capacity 13759K, committed 14848K, reserved 1048576K
}
Event: 31198.674 GC heap before
{Heap before GC invocations=297 (full 23):
 PSYoungGen      total 335872K, used 335362K [0x00000000e0000000, 0x00000000ff700000, 0x0000000100000000)
  eden space 287744K, 100% used [0x00000000e0000000,0x00000000f1900000,0x00000000f1900000)
  from space 48128K, 98% used [0x00000000f1900000,0x00000000f4780b30,0x00000000f4800000)
  to   space 113664K, 0% used [0x00000000f8800000,0x00000000f8800000,0x00000000ff700000)
 ParOldGen       total 389120K, used 109664K [0x00000000a0000000, 0x00000000b7c00000, 0x00000000e0000000)
  object space 389120K, 28% used [0x00000000a0000000,0x00000000a6b18258,0x00000000b7c00000)
 Metaspace       used 101961K, capacity 114048K, committed 117504K, reserved 1153024K
  class space    used 12580K, capacity 13759K, committed 14848K, reserved 1048576K
Event: 31198.708 GC heap after
Heap after GC invocations=297 (full 23):
 PSYoungGen      total 407552K, used 29574K [0x00000000e0000000, 0x0000000100000000, 0x0000000100000000)
  eden space 293888K, 0% used [0x00000000e0000000,0x00000000e0000000,0x00000000f1f00000)
  from space 113664K, 26% used [0x00000000f8800000,0x00000000fa4e1a90,0x00000000ff700000)
  to   space 107520K, 0% used [0x00000000f1f00000,0x00000000f1f00000,0x00000000f8800000)
 ParOldGen       total 389120K, used 115743K [0x00000000a0000000, 0x00000000b7c00000, 0x00000000e0000000)
  object space 389120K, 29% used [0x00000000a0000000,0x00000000a7107e08,0x00000000b7c00000)
 Metaspace       used 101961K, capacity 114048K, committed 117504K, reserved 1153024K
  class space    used 12580K, capacity 13759K, committed 14848K, reserved 1048576K
}
Event: 31199.649 GC heap before
{Heap before GC invocations=298 (full 23):
 PSYoungGen      total 407552K, used 315831K [0x00000000e0000000, 0x0000000100000000, 0x0000000100000000)
  eden space 293888K, 97% used [0x00000000e0000000,0x00000000f178c3e0,0x00000000f1f00000)
  from space 113664K, 26% used [0x00000000f8800000,0x00000000fa4e1a90,0x00000000ff700000)
  to   space 107520K, 0% used [0x00000000f1f00000,0x00000000f1f00000,0x00000000f8800000)
 ParOldGen       total 389120K, used 115743K [0x00000000a0000000, 0x00000000b7c00000, 0x00000000e0000000)
  object space 389120K, 29% used [0x00000000a0000000,0x00000000a7107e08,0x00000000b7c00000)
 Metaspace       used 101961K, capacity 114048K, committed 117504K, reserved 1153024K
  class space    used 12580K, capacity 13759K, committed 14848K, reserved 1048576K
Event: 31199.660 GC heap after
Heap after GC invocations=298 (full 23):
 PSYoungGen      total 401408K, used 10262K [0x00000000e0000000, 0x00000000ff600000, 0x0000000100000000)
  eden space 293888K, 0% used [0x00000000e0000000,0x00000000e0000000,0x00000000f1f00000)
  from space 107520K, 9% used [0x00000000f1f00000,0x00000000f2905890,0x00000000f8800000)
  to   space 105472K, 0% used [0x00000000f8f00000,0x00000000f8f00000,0x00000000ff600000)
 ParOldGen       total 389120K, used 117585K [0x00000000a0000000, 0x00000000b7c00000, 0x00000000e0000000)
  object space 389120K, 30% used [0x00000000a0000000,0x00000000a72d47d8,0x00000000b7c00000)
 Metaspace       used 101961K, capacity 114048K, committed 117504K, reserved 1153024K
  class space    used 12580K, capacity 13759K, committed 14848K, reserved 1048576K
}

